<?xml version="1.0" encoding="UTF-8"?>
<!-- Generated by org.testng.reporters.JUnitReportReporter -->
<testsuite hostname="DESKTOP-4JKAPDL" failures="0" tests="13" name="RestAssured01.restAssured01" time="2.927" errors="0" timestamp="2023-01-16T12:02:37 IST" skipped="12">
  <testcase classname="RestAssured01.restAssured01" name="PATCH" time="2.927"/>
  <system-out/>
  <testcase classname="RestAssured01.restAssured01" name="CREATE">
    <skipped/>
  </testcase> <!-- CREATE -->
  <system-out/>
  <testcase classname="RestAssured01.restAssured01" name="SINGLE_RESOURCE_NotFound">
    <skipped/>
  </testcase> <!-- SINGLE_RESOURCE_NotFound -->
  <system-out/>
  <testcase classname="RestAssured01.restAssured01" name="SINGLE_USER_NOT_FOUND">
    <skipped/>
  </testcase> <!-- SINGLE_USER_NOT_FOUND -->
  <system-out/>
  <testcase classname="RestAssured01.restAssured01" name="REGISTER_SUCCESSFUL">
    <skipped/>
  </testcase> <!-- REGISTER_SUCCESSFUL -->
  <system-out/>
  <testcase classname="RestAssured01.restAssured01" name="DELETE">
    <skipped/>
  </testcase> <!-- DELETE -->
  <system-out/>
  <testcase classname="RestAssured01.restAssured01" name="LIST_USERS2">
    <skipped/>
  </testcase> <!-- LIST_USERS2 -->
  <system-out/>
  <testcase classname="RestAssured01.restAssured01" name="SINGLE_RESOURCE">
    <skipped/>
  </testcase> <!-- SINGLE_RESOURCE -->
  <system-out/>
  <testcase classname="RestAssured01.restAssured01" name="DELAYED_RESPONSE">
    <skipped/>
  </testcase> <!-- DELAYED_RESPONSE -->
  <system-out/>
  <testcase classname="RestAssured01.restAssured01" name="UPDATE">
    <skipped/>
  </testcase> <!-- UPDATE -->
  <system-out/>
  <testcase classname="RestAssured01.restAssured01" name="LIST_RESOURCE">
    <skipped/>
  </testcase> <!-- LIST_RESOURCE -->
  <system-out/>
  <testcase classname="RestAssured01.restAssured01" name="LIST_USERS1">
    <skipped/>
  </testcase> <!-- LIST_USERS1 -->
  <system-out/>
  <testcase classname="RestAssured01.restAssured01" name="SINGLE_USER">
    <skipped/>
  </testcase> <!-- SINGLE_USER -->
  <system-out/>
</testsuite> <!-- RestAssured01.restAssured01 -->
