<?xml version="1.0" encoding="UTF-8"?>
<!-- Generated by org.testng.reporters.JUnitReportReporter -->
<testsuite hostname="DESKTOP-4JKAPDL" failures="0" tests="2" name="RestAssured01.Trello" time="4.570" errors="0" timestamp="2023-01-03T15:36:56 IST" skipped="0">
  <testcase classname="RestAssured01.Trello" name="Create_Board" time="4.039"/>
  <system-out/>
  <testcase classname="RestAssured01.Trello" name="Update_Board" time="0.531"/>
  <system-out/>
</testsuite> <!-- RestAssured01.Trello -->
