<?xml version="1.0" encoding="UTF-8"?>
<!-- Generated by org.testng.reporters.JUnitReportReporter -->
<testsuite hostname="DESKTOP-4JKAPDL" failures="0" tests="8" name="RestAssuredAssignement.GroceryStore" time="4.872" errors="0" timestamp="2023-02-06T13:13:28 IST" skipped="7">
  <testcase classname="RestAssuredAssignement.GroceryStore" name="Add_to_cart" time="4.872"/>
  <system-out/>
  <testcase classname="RestAssuredAssignement.GroceryStore" name="get_cart">
    <skipped/>
  </testcase> <!-- get_cart -->
  <system-out/>
  <testcase classname="RestAssuredAssignement.GroceryStore" name="get_all">
    <skipped/>
  </testcase> <!-- get_all -->
  <system-out/>
  <testcase classname="RestAssuredAssignement.GroceryStore" name="update_quantity">
    <skipped/>
  </testcase> <!-- update_quantity -->
  <system-out/>
  <testcase classname="RestAssuredAssignement.GroceryStore" name="get_Status">
    <skipped/>
  </testcase> <!-- get_Status -->
  <system-out/>
  <testcase classname="RestAssuredAssignement.GroceryStore" name="get_cart_items">
    <skipped/>
  </testcase> <!-- get_cart_items -->
  <system-out/>
  <testcase classname="RestAssuredAssignement.GroceryStore" name="create_cart">
    <skipped/>
  </testcase> <!-- create_cart -->
  <system-out/>
  <testcase classname="RestAssuredAssignement.GroceryStore" name="single_Prodcut">
    <skipped/>
  </testcase> <!-- single_Prodcut -->
  <system-out/>
</testsuite> <!-- RestAssuredAssignement.GroceryStore -->
